Determining if the system is big endian passed with the following output:
Change Dir: /home/rothhr/Code/CADLab-GitHub/CADLab-git/LymphNodeRFCNNPipeline/nifty_reg-1.3.9_linux_x64r/CMakeFiles/CMakeTmp

Run Build Command:/usr/bin/make "cmTryCompileExec3242813039/fast"
/usr/bin/make -f CMakeFiles/cmTryCompileExec3242813039.dir/build.make CMakeFiles/cmTryCompileExec3242813039.dir/build
make[1]: Entering directory `/home/rothhr/Code/CADLab-GitHub/CADLab-git/LymphNodeRFCNNPipeline/nifty_reg-1.3.9_linux_x64r/CMakeFiles/CMakeTmp'
/usr/bin/cmake -E cmake_progress_report /home/rothhr/Code/CADLab-GitHub/CADLab-git/LymphNodeRFCNNPipeline/nifty_reg-1.3.9_linux_x64r/CMakeFiles/CMakeTmp/CMakeFiles 1
Building C object CMakeFiles/cmTryCompileExec3242813039.dir/TestEndianess.c.o
/usr/bin/gcc-4.4   -fopenmp    -o CMakeFiles/cmTryCompileExec3242813039.dir/TestEndianess.c.o   -c /home/rothhr/Code/CADLab-GitHub/CADLab-git/LymphNodeRFCNNPipeline/nifty_reg-1.3.9_linux_x64r/CMakeFiles/CMakeTmp/TestEndianess.c
Linking C executable cmTryCompileExec3242813039
/usr/bin/cmake -E cmake_link_script CMakeFiles/cmTryCompileExec3242813039.dir/link.txt --verbose=1
/usr/bin/gcc-4.4   -fopenmp     CMakeFiles/cmTryCompileExec3242813039.dir/TestEndianess.c.o  -o cmTryCompileExec3242813039 -rdynamic 
make[1]: Leaving directory `/home/rothhr/Code/CADLab-GitHub/CADLab-git/LymphNodeRFCNNPipeline/nifty_reg-1.3.9_linux_x64r/CMakeFiles/CMakeTmp'

TestEndianess.c:
/* A 16 bit integer is required. */
typedef unsigned short cmakeint16;

/* On a little endian machine, these 16bit ints will give "THIS IS LITTLE ENDIAN."
   On a big endian machine the characters will be exchanged pairwise. */
const cmakeint16 info_little[] =  {0x4854, 0x5349, 0x4920, 0x2053, 0x494c, 0x5454, 0x454c, 0x4520, 0x444e, 0x4149, 0x2e4e, 0x0000};

/* on a big endian machine, these 16bit ints will give "THIS IS BIG ENDIAN."
   On a little endian machine the characters will be exchanged pairwise. */
const cmakeint16 info_big[] =     {0x5448, 0x4953, 0x2049, 0x5320, 0x4249, 0x4720, 0x454e, 0x4449, 0x414e, 0x2e2e, 0x0000};

#ifdef __CLASSIC_C__
int main(argc, argv) int argc; char *argv[];
#else
int main(int argc, char *argv[])
#endif
{
  int require = 0;
  require += info_little[argc];
  require += info_big[argc];
  (void)argv;
  return require;
}


Value of the 22nd bit of a 32-bit quiet-NaN is 1TestQnanhibit.c produced following output:
Change Dir: /home/rothhr/Code/CADLab-GitHub/CADLab-git/LymphNodeRFCNNPipeline/nifty_reg-1.3.9_linux_x64r/CMakeFiles/CMakeTmp

Run Build Command:/usr/bin/make "cmTryCompileExec3252804226/fast"
/usr/bin/make -f CMakeFiles/cmTryCompileExec3252804226.dir/build.make CMakeFiles/cmTryCompileExec3252804226.dir/build
make[1]: Entering directory `/home/rothhr/Code/CADLab-GitHub/CADLab-git/LymphNodeRFCNNPipeline/nifty_reg-1.3.9_linux_x64r/CMakeFiles/CMakeTmp'
/usr/bin/cmake -E cmake_progress_report /home/rothhr/Code/CADLab-GitHub/CADLab-git/LymphNodeRFCNNPipeline/nifty_reg-1.3.9_linux_x64r/CMakeFiles/CMakeTmp/CMakeFiles 1
Building C object CMakeFiles/cmTryCompileExec3252804226.dir/TestQnanhibit.c.o
/usr/bin/gcc-4.4   -fopenmp    -o CMakeFiles/cmTryCompileExec3252804226.dir/TestQnanhibit.c.o   -c /home/rothhr/Code/CADLab-GitHub/CADLab-git/LymphNodeRFCNNPipeline/nifty_reg-1.3.9/nifty_reg/reg-io/nrrd/NrrdIO/CMake/TestQnanhibit.c
Linking C executable cmTryCompileExec3252804226
/usr/bin/cmake -E cmake_link_script CMakeFiles/cmTryCompileExec3252804226.dir/link.txt --verbose=1
/usr/bin/gcc-4.4   -fopenmp     CMakeFiles/cmTryCompileExec3252804226.dir/TestQnanhibit.c.o  -o cmTryCompileExec3252804226 -rdynamic 
make[1]: Leaving directory `/home/rothhr/Code/CADLab-GitHub/CADLab-git/LymphNodeRFCNNPipeline/nifty_reg-1.3.9_linux_x64r/CMakeFiles/CMakeTmp'
-DTEEM_QNANHIBIT=1


